[INFO ] 2021-08-30 09:56:22.553 [main] Log - API returinig 20 products
[INFO ] 2021-08-30 09:56:22.596 [main] Log - ID is unique
[INFO ] 2021-08-30 09:56:25.194 [main] Log - Checking Product list contain minimum one product
[INFO ] 2021-08-30 09:57:46.043 [main] Log - Test case Started
[INFO ] 2021-08-30 09:57:50.769 [main] Log - API returinig 20 products
[INFO ] 2021-08-30 09:57:50.794 [main] Log - ID is unique
[INFO ] 2021-08-30 09:57:53.552 [main] Log - Checking Product list contain minimum one product
[INFO ] 2021-08-30 10:03:08.964 [main] Log - m38rmF$
[INFO ] 2021-08-30 10:03:08.969 [main] Log - 83r5^_
[INFO ] 2021-08-30 10:03:08.969 [main] Log - kev02937@
[INFO ] 2021-08-30 10:03:08.970 [main] Log - ewedon
[INFO ] 2021-08-30 10:03:08.970 [main] Log - jklg*_56
[INFO ] 2021-08-30 10:03:08.970 [main] Log - 3478*#54
[INFO ] 2021-08-30 10:03:08.970 [main] Log - f238&@*$
[INFO ] 2021-08-30 10:03:08.970 [main] Log - William56$hj
[INFO ] 2021-08-30 10:03:08.970 [main] Log - kfejk@*_
[INFO ] 2021-08-30 10:03:08.970 [main] Log - klein*#%*
[INFO ] 2021-08-30 10:04:21.674 [main] Log - Test case Started
[INFO ] 2021-08-30 10:04:24.717 [main] Log - API returinig 20 products
[INFO ] 2021-08-30 10:04:25.330 [main] Log - ID is unique
[INFO ] 2021-08-30 10:04:27.671 [main] Log - Checking Product list contain minimum one product
[INFO ] 2021-08-30 10:13:25.570 [main] Log - API returinig 20 products
[INFO ] 2021-08-30 10:13:26.269 [main] Log - ID is unique
[INFO ] 2021-08-30 10:16:17.411 [main] Log - m38rmF$
[INFO ] 2021-08-30 10:16:17.414 [main] Log - 83r5^_
[INFO ] 2021-08-30 10:16:17.414 [main] Log - kev02937@
[INFO ] 2021-08-30 10:16:17.414 [main] Log - ewedon
[INFO ] 2021-08-30 10:16:17.414 [main] Log - jklg*_56
[INFO ] 2021-08-30 10:16:17.414 [main] Log - 3478*#54
[INFO ] 2021-08-30 10:16:17.414 [main] Log - f238&@*$
[INFO ] 2021-08-30 10:16:17.414 [main] Log - William56$hj
[INFO ] 2021-08-30 10:16:17.414 [main] Log - kfejk@*_
[INFO ] 2021-08-30 10:16:17.414 [main] Log - klein*#%*
[INFO ] 2021-08-30 10:18:34.576 [main] Log - Checking Product list contain minimum one product
